<?xml version="1.0" encoding="UTF-8"?>
<testng-results skipped="1" failed="0" ignored="0" total="1" passed="0">
  <reporter-output>
    <line>
      <![CDATA[[INFO ] [2021-04-11 01:00:10,933] Register - Step 01: Open Login Page
]]>
    </line>
    <line>
      <![CDATA[[INFO ] [2021-04-11 01:00:10,942] Register - Step 02: Click here link
]]>
    </line>
    <line>
      <![CDATA[[INFO ] [2021-04-11 01:00:13,373] Register - Step 03: Enter Email Textbox
]]>
    </line>
    <line>
      <![CDATA[[INFO ] [2021-04-11 01:00:13,524] Register - Step 04: Click Submit button
]]>
    </line>
    <line>
      <![CDATA[[INFO ] [2021-04-11 01:00:14,252] Register - Step 05: Open Login Page
]]>
    </line>
    <line>
      <![CDATA[[INFO ] [2021-04-11 01:00:16,199] Register - Step 06: Enter UserID in Textbox with value: mngr319461
]]>
    </line>
    <line>
      <![CDATA[[INFO ] [2021-04-11 01:00:16,330] Register - Step 07: Enter Password in Textbox with value: hYvajus
]]>
    </line>
    <line>
      <![CDATA[[INFO ] [2021-04-11 01:00:16,467] Register - Step 08: Click Login button
]]>
    </line>
    <line>
      <![CDATA[[INFO ] [2021-04-11 01:00:17,959] Register - Step 09: Verify homepage message after login successfull
]]>
    </line>
    <line>
      <![CDATA[[INFO ] [2021-04-11 01:00:17,998]  -------------------------- PASSED -------------------------- 
]]>
    </line>
  </reporter-output>
  <suite name="BankGuru" duration-ms="12596" started-at="2021-04-10T18:00:05Z" finished-at="2021-04-10T18:00:18Z">
    <groups>
    </groups>
    <test name="Run on Chrome" duration-ms="12596" started-at="2021-04-10T18:00:05Z" finished-at="2021-04-10T18:00:18Z">
      <class name="com.bankguru.login.TC_01_Login_And_Register">
        <test-method status="FAIL" signature="BeforeClass()[pri:0, instance:com.bankguru.login.TC_01_Login_And_Register@2ba45490]" name="BeforeClass" is-config="true" duration-ms="1" started-at="2021-04-10T18:00:18Z" finished-at="2021-04-10T18:00:18Z">
          <exception class="java.lang.NullPointerException">
            <full-stacktrace>
              <![CDATA[java.lang.NullPointerException
at com.bankguru.login.TC_01_Login_And_Register.BeforeClass(TC_01_Login_And_Register.java:22)
at sun.reflect.NativeMethodAccessorImpl.invoke0(Native Method)
at sun.reflect.NativeMethodAccessorImpl.invoke(NativeMethodAccessorImpl.java:62)
at sun.reflect.DelegatingMethodAccessorImpl.invoke(DelegatingMethodAccessorImpl.java:43)
at java.lang.reflect.Method.invoke(Method.java:498)
at org.testng.internal.MethodInvocationHelper.invokeMethod(MethodInvocationHelper.java:124)
at org.testng.internal.MethodInvocationHelper.invokeMethodConsideringTimeout(MethodInvocationHelper.java:59)
at org.testng.internal.Invoker.invokeConfigurationMethod(Invoker.java:458)
at org.testng.internal.Invoker.invokeConfigurations(Invoker.java:222)
at org.testng.internal.Invoker.invokeConfigurations(Invoker.java:142)
at org.testng.internal.TestMethodWorker.invokeBeforeClassMethods(TestMethodWorker.java:168)
at org.testng.internal.TestMethodWorker.run(TestMethodWorker.java:105)
at org.testng.TestRunner.privateRun(TestRunner.java:648)
at org.testng.TestRunner.run(TestRunner.java:505)
at org.testng.SuiteRunner.runTest(SuiteRunner.java:455)
at org.testng.SuiteRunner.runSequentially(SuiteRunner.java:450)
at org.testng.SuiteRunner.privateRun(SuiteRunner.java:415)
at org.testng.SuiteRunner.run(SuiteRunner.java:364)
at org.testng.SuiteRunnerWorker.runSuite(SuiteRunnerWorker.java:52)
at org.testng.SuiteRunnerWorker.run(SuiteRunnerWorker.java:84)
at org.testng.TestNG.runSuitesSequentially(TestNG.java:1208)
at org.testng.TestNG.runSuitesLocally(TestNG.java:1137)
at org.testng.TestNG.runSuites(TestNG.java:1049)
at org.testng.TestNG.run(TestNG.java:1017)
at org.testng.remote.AbstractRemoteTestNG.run(AbstractRemoteTestNG.java:115)
at org.testng.remote.RemoteTestNG.initAndRun(RemoteTestNG.java:251)
at org.testng.remote.RemoteTestNG.main(RemoteTestNG.java:77)
]]>
            </full-stacktrace>
          </exception> <!-- java.lang.NullPointerException -->
          <reporter-output>
          </reporter-output>
        </test-method> <!-- BeforeClass -->
        <test-method status="SKIP" signature="Login_01_Register_By_Email()[pri:0, instance:com.bankguru.login.TC_01_Login_And_Register@2ba45490]" name="Login_01_Register_By_Email" duration-ms="0" started-at="2021-04-10T18:00:18Z" finished-at="2021-04-10T18:00:18Z">
          <exception class="java.lang.NullPointerException">
            <full-stacktrace>
              <![CDATA[java.lang.NullPointerException
at com.bankguru.login.TC_01_Login_And_Register.BeforeClass(TC_01_Login_And_Register.java:22)
at sun.reflect.NativeMethodAccessorImpl.invoke0(Native Method)
at sun.reflect.NativeMethodAccessorImpl.invoke(NativeMethodAccessorImpl.java:62)
at sun.reflect.DelegatingMethodAccessorImpl.invoke(DelegatingMethodAccessorImpl.java:43)
at java.lang.reflect.Method.invoke(Method.java:498)
at org.testng.internal.MethodInvocationHelper.invokeMethod(MethodInvocationHelper.java:124)
at org.testng.internal.MethodInvocationHelper.invokeMethodConsideringTimeout(MethodInvocationHelper.java:59)
at org.testng.internal.Invoker.invokeConfigurationMethod(Invoker.java:458)
at org.testng.internal.Invoker.invokeConfigurations(Invoker.java:222)
at org.testng.internal.Invoker.invokeConfigurations(Invoker.java:142)
at org.testng.internal.TestMethodWorker.invokeBeforeClassMethods(TestMethodWorker.java:168)
at org.testng.internal.TestMethodWorker.run(TestMethodWorker.java:105)
at org.testng.TestRunner.privateRun(TestRunner.java:648)
at org.testng.TestRunner.run(TestRunner.java:505)
at org.testng.SuiteRunner.runTest(SuiteRunner.java:455)
at org.testng.SuiteRunner.runSequentially(SuiteRunner.java:450)
at org.testng.SuiteRunner.privateRun(SuiteRunner.java:415)
at org.testng.SuiteRunner.run(SuiteRunner.java:364)
at org.testng.SuiteRunnerWorker.runSuite(SuiteRunnerWorker.java:52)
at org.testng.SuiteRunnerWorker.run(SuiteRunnerWorker.java:84)
at org.testng.TestNG.runSuitesSequentially(TestNG.java:1208)
at org.testng.TestNG.runSuitesLocally(TestNG.java:1137)
at org.testng.TestNG.runSuites(TestNG.java:1049)
at org.testng.TestNG.run(TestNG.java:1017)
at org.testng.remote.AbstractRemoteTestNG.run(AbstractRemoteTestNG.java:115)
at org.testng.remote.RemoteTestNG.initAndRun(RemoteTestNG.java:251)
at org.testng.remote.RemoteTestNG.main(RemoteTestNG.java:77)
]]>
            </full-stacktrace>
          </exception> <!-- java.lang.NullPointerException -->
          <reporter-output>
          </reporter-output>
        </test-method> <!-- Login_01_Register_By_Email -->
        <test-method status="SKIP" signature="afterClass()[pri:0, instance:com.bankguru.login.TC_01_Login_And_Register@2ba45490]" name="afterClass" is-config="true" duration-ms="0" started-at="2021-04-10T18:00:18Z" finished-at="2021-04-10T18:00:18Z">
          <reporter-output>
          </reporter-output>
        </test-method> <!-- afterClass -->
      </class> <!-- com.bankguru.login.TC_01_Login_And_Register -->
      <class name="com.bankguru.common.Common_01_Register">
        <test-method status="PASS" signature="beforeTest(java.lang.String, java.lang.String)[pri:0, instance:com.bankguru.common.Common_01_Register@df4b72]" name="beforeTest" is-config="true" duration-ms="12453" started-at="2021-04-10T18:00:05Z" finished-at="2021-04-10T18:00:18Z">
          <params>
            <param index="0">
              <value>
                <![CDATA[chrome]]>
              </value>
            </param>
            <param index="1">
              <value>
                <![CDATA[http://demo.guru99.com/v4/index.php]]>
              </value>
            </param>
          </params>
          <reporter-output>
            <line>
              <![CDATA[[INFO ] [2021-04-11 01:00:10,933] Register - Step 01: Open Login Page
]]>
            </line>
            <line>
              <![CDATA[[INFO ] [2021-04-11 01:00:10,942] Register - Step 02: Click here link
]]>
            </line>
            <line>
              <![CDATA[[INFO ] [2021-04-11 01:00:13,373] Register - Step 03: Enter Email Textbox
]]>
            </line>
            <line>
              <![CDATA[[INFO ] [2021-04-11 01:00:13,524] Register - Step 04: Click Submit button
]]>
            </line>
            <line>
              <![CDATA[[INFO ] [2021-04-11 01:00:14,252] Register - Step 05: Open Login Page
]]>
            </line>
            <line>
              <![CDATA[[INFO ] [2021-04-11 01:00:16,199] Register - Step 06: Enter UserID in Textbox with value: mngr319461
]]>
            </line>
            <line>
              <![CDATA[[INFO ] [2021-04-11 01:00:16,330] Register - Step 07: Enter Password in Textbox with value: hYvajus
]]>
            </line>
            <line>
              <![CDATA[[INFO ] [2021-04-11 01:00:16,467] Register - Step 08: Click Login button
]]>
            </line>
            <line>
              <![CDATA[[INFO ] [2021-04-11 01:00:17,959] Register - Step 09: Verify homepage message after login successfull
]]>
            </line>
            <line>
              <![CDATA[[INFO ] [2021-04-11 01:00:17,998]  -------------------------- PASSED -------------------------- 
]]>
            </line>
          </reporter-output>
        </test-method> <!-- beforeTest -->
      </class> <!-- com.bankguru.common.Common_01_Register -->
    </test> <!-- Run on Chrome -->
  </suite> <!-- BankGuru -->
</testng-results>
