<?xml version="1.0" encoding="UTF-8"?>
<!-- Generated by org.testng.reporters.JUnitXMLReporter -->
<testsuite hostname="TK-AM" ignored="0" name="Run on Chrome" tests="17" failures="0" timestamp="11 Apr 2021 17:23:10 GMT" time="49.727" errors="0">
  <testcase name="New_Customer_01_Verify_Name_Field" time="1.943" classname="com.bankguru.customer.Customer_01_New_Customer"/>
  <testcase name="New_Customer_02_Verify_Address_Field" time="0.489" classname="com.bankguru.customer.Customer_01_New_Customer"/>
  <testcase name="New_Customer_03_Verify_City_Field" time="1.202" classname="com.bankguru.customer.Customer_01_New_Customer"/>
  <testcase name="New_Customer_04_Verify_State_Field" time="1.218" classname="com.bankguru.customer.Customer_01_New_Customer"/>
  <testcase name="New_Customer_05_Verify_PIN_Field" time="1.613" classname="com.bankguru.customer.Customer_01_New_Customer"/>
  <testcase name="New_Customer_06_Verify_Telephone_Field" time="1.251" classname="com.bankguru.customer.Customer_01_New_Customer"/>
  <testcase name="New_Customer_07_Verify_Email_Field" time="1.5" classname="com.bankguru.customer.Customer_01_New_Customer"/>
  <testcase name="New_Customer_08_Verify_All_Field_Requirement" time="3.226" classname="com.bankguru.customer.Customer_01_New_Customer"/>
  <testcase name="New_Customer_09_New_Customer_With_Valid_Data" time="3.203" classname="com.bankguru.customer.Customer_01_New_Customer"/>
  <testcase name="Edit_Customer_01_Verify_CustomerID" time="1.865" classname="com.bankguru.customer.Customer_02_Edit_Customer"/>
  <testcase name="Edit_Customer_02_Verify_Address_Field" time="1.137" classname="com.bankguru.customer.Customer_02_Edit_Customer"/>
  <testcase name="Edit_Customer_03_Verify_City_Field" time="1.082" classname="com.bankguru.customer.Customer_02_Edit_Customer"/>
  <testcase name="Edit_Customer_04_Verify_State_Field" time="1.073" classname="com.bankguru.customer.Customer_02_Edit_Customer"/>
  <testcase name="Edit_Customer_05_Verify_PIN_Field" time="1.087" classname="com.bankguru.customer.Customer_02_Edit_Customer"/>
  <testcase name="Edit_Customer_06_Verify_Telephone_Field" time="0.885" classname="com.bankguru.customer.Customer_02_Edit_Customer"/>
  <testcase name="Edit_Customer_07_Verify_Email_Field" time="1.119" classname="com.bankguru.customer.Customer_02_Edit_Customer"/>
  <testcase name="Edit_Customer_08_Edit_With_Valid_Value" time="2.54" classname="com.bankguru.customer.Customer_02_Edit_Customer"/>
</testsuite> <!-- Run on Chrome -->
