<?xml version="1.0" encoding="UTF-8"?>
<!-- Generated by org.testng.reporters.JUnitXMLReporter -->
<testsuite hostname="TK-AM" ignored="0" name="Run on Chrome" tests="1" failures="0" timestamp="10 Apr 2021 18:00:18 GMT" time="12.596" errors="0">
  <testcase name="@BeforeClass BeforeClass" time="0.001" classname="com.bankguru.login.TC_01_Login_And_Register">
    <failure type="java.lang.NullPointerException">
      <![CDATA[java.lang.NullPointerException
at com.bankguru.login.TC_01_Login_And_Register.BeforeClass(TC_01_Login_And_Register.java:22)
... Removed 26 stack frames]]>
    </failure>
  </testcase> <!-- @BeforeClass BeforeClass -->
  <testcase name="@AfterClass afterClass" time="0.0" classname="com.bankguru.login.TC_01_Login_And_Register">
    <skipped/>
  </testcase> <!-- @AfterClass afterClass -->
  <testcase name="Login_01_Register_By_Email" time="0.0" classname="com.bankguru.login.TC_01_Login_And_Register">
    <skipped/>
  </testcase> <!-- Login_01_Register_By_Email -->
</testsuite> <!-- Run on Chrome -->
